0 info it worked if it ends with ok
1 verbose cli [ 'C:\\Program Files (x86)\\nodejs\\node.exe',
1 verbose cli   'C:\\Program Files (x86)\\nodejs\\node_modules\\npm\\bin\\npm-cli.js',
1 verbose cli   'init' ]
2 info using npm@2.7.4
3 info using node@v0.12.2
4 silly package data undefined
5 info init written successfully
6 verbose stack Error: Invalid name: "npm help json"
6 verbose stack     at ensureValidName (C:\Program Files (x86)\nodejs\node_modules\npm\node_modules\normalize-package-data\lib\fixer.js:322:15)
6 verbose stack     at Object.module.exports.fixNameField (C:\Program Files (x86)\nodejs\node_modules\npm\node_modules\normalize-package-data\lib\fixer.js:211:5)
6 verbose stack     at C:\Program Files (x86)\nodejs\node_modules\npm\node_modules\normalize-package-data\lib\normalize.js:30:38
6 verbose stack     at Array.forEach (native)
6 verbose stack     at normalize (C:\Program Files (x86)\nodejs\node_modules\npm\node_modules\normalize-package-data\lib\normalize.js:29:15)
6 verbose stack     at final (C:\Program Files (x86)\nodejs\node_modules\npm\node_modules\read-package-json\read-json.js:368:33)
6 verbose stack     at then (C:\Program Files (x86)\nodejs\node_modules\npm\node_modules\read-package-json\read-json.js:127:33)
6 verbose stack     at C:\Program Files (x86)\nodejs\node_modules\npm\node_modules\read-package-json\read-json.js:317:48
6 verbose stack     at evalmachine.<anonymous>:263:20
6 verbose stack     at OpenReq.Req.done (C:\Program Files (x86)\nodejs\node_modules\npm\node_modules\graceful-fs\graceful-fs.js:141:5)
7 verbose cwd C:\Users\Adam\Documents\webrtc
8 error Windows_NT 6.3.9600
9 error argv "C:\\Program Files (x86)\\nodejs\\node.exe" "C:\\Program Files (x86)\\nodejs\\node_modules\\npm\\bin\\npm-cli.js" "init"
10 error node v0.12.2
11 error npm  v2.7.4
12 error Invalid name: "npm help json"
13 error If you need help, you may report this error at:
13 error     <https://github.com/npm/npm/issues>
14 verbose exit [ 1, true ]
